Determining if the pthread_create exist failed with the following output:
Change Dir: /home/ubuntu/Bureau/ROS_desousa/build/CMakeFiles/CMakeTmp

Run Build Command:"/usr/bin/make" "cmTC_42e3f/fast"
/usr/bin/make -f CMakeFiles/cmTC_42e3f.dir/build.make CMakeFiles/cmTC_42e3f.dir/build
make[1] : on entre dans le répertoire « /home/ubuntu/Bureau/ROS_desousa/build/CMakeFiles/CMakeTmp »
Building C object CMakeFiles/cmTC_42e3f.dir/CheckSymbolExists.c.o
/usr/bin/cc    -o CMakeFiles/cmTC_42e3f.dir/CheckSymbolExists.c.o   -c /home/ubuntu/Bureau/ROS_desousa/build/CMakeFiles/CMakeTmp/CheckSymbolExists.c
Linking C executable cmTC_42e3f
/usr/bin/cmake -E cmake_link_script CMakeFiles/cmTC_42e3f.dir/link.txt --verbose=1
/usr/bin/cc      -rdynamic CMakeFiles/cmTC_42e3f.dir/CheckSymbolExists.c.o  -o cmTC_42e3f 
CMakeFiles/cmTC_42e3f.dir/CheckSymbolExists.c.o : Dans la fonction « main » :
CheckSymbolExists.c:(.text+0x1b) : référence indéfinie vers « pthread_create »
collect2: error: ld returned 1 exit status
CMakeFiles/cmTC_42e3f.dir/build.make:97: recipe for target 'cmTC_42e3f' failed
make[1]: *** [cmTC_42e3f] Error 1
make[1] : on quitte le répertoire « /home/ubuntu/Bureau/ROS_desousa/build/CMakeFiles/CMakeTmp »
Makefile:126: recipe for target 'cmTC_42e3f/fast' failed
make: *** [cmTC_42e3f/fast] Error 2

File /home/ubuntu/Bureau/ROS_desousa/build/CMakeFiles/CMakeTmp/CheckSymbolExists.c:
/* */
#include <pthread.h>

int main(int argc, char** argv)
{
  (void)argv;
#ifndef pthread_create
  return ((int*)(&pthread_create))[argc];
#else
  (void)argc;
  return 0;
#endif
}

Determining if the function pthread_create exists in the pthreads failed with the following output:
Change Dir: /home/ubuntu/Bureau/ROS_desousa/build/CMakeFiles/CMakeTmp

Run Build Command:"/usr/bin/make" "cmTC_e7d1d/fast"
/usr/bin/make -f CMakeFiles/cmTC_e7d1d.dir/build.make CMakeFiles/cmTC_e7d1d.dir/build
make[1] : on entre dans le répertoire « /home/ubuntu/Bureau/ROS_desousa/build/CMakeFiles/CMakeTmp »
Building C object CMakeFiles/cmTC_e7d1d.dir/CheckFunctionExists.c.o
/usr/bin/cc   -DCHECK_FUNCTION_EXISTS=pthread_create   -o CMakeFiles/cmTC_e7d1d.dir/CheckFunctionExists.c.o   -c /usr/share/cmake-3.10/Modules/CheckFunctionExists.c
Linking C executable cmTC_e7d1d
/usr/bin/cmake -E cmake_link_script CMakeFiles/cmTC_e7d1d.dir/link.txt --verbose=1
/usr/bin/cc  -DCHECK_FUNCTION_EXISTS=pthread_create    -rdynamic CMakeFiles/cmTC_e7d1d.dir/CheckFunctionExists.c.o  -o cmTC_e7d1d -lpthreads 
/usr/bin/ld : ne peut trouver -lpthreads
collect2: error: ld returned 1 exit status
CMakeFiles/cmTC_e7d1d.dir/build.make:97: recipe for target 'cmTC_e7d1d' failed
make[1]: *** [cmTC_e7d1d] Error 1
make[1] : on quitte le répertoire « /home/ubuntu/Bureau/ROS_desousa/build/CMakeFiles/CMakeTmp »
Makefile:126: recipe for target 'cmTC_e7d1d/fast' failed
make: *** [cmTC_e7d1d/fast] Error 2


Performing C SOURCE FILE Test CMAKE_HAVE_LIBC_PTHREAD failed with the following output:
Change Dir: /home/ubuntu/Bureau/ROS_desousa/build/CMakeFiles/CMakeTmp

Run Build Command(s):/usr/bin/make -f Makefile cmTC_67c7f/fast && make[1] : on entre dans le répertoire « /home/ubuntu/Bureau/ROS_desousa/build/CMakeFiles/CMakeTmp »
/usr/bin/make  -f CMakeFiles/cmTC_67c7f.dir/build.make CMakeFiles/cmTC_67c7f.dir/build
make[2] : on entre dans le répertoire « /home/ubuntu/Bureau/ROS_desousa/build/CMakeFiles/CMakeTmp »
Building C object CMakeFiles/cmTC_67c7f.dir/src.c.o
/usr/bin/cc -DCMAKE_HAVE_LIBC_PTHREAD   -o CMakeFiles/cmTC_67c7f.dir/src.c.o -c /home/ubuntu/Bureau/ROS_desousa/build/CMakeFiles/CMakeTmp/src.c
Linking C executable cmTC_67c7f
/usr/bin/cmake -E cmake_link_script CMakeFiles/cmTC_67c7f.dir/link.txt --verbose=1
/usr/bin/cc -rdynamic CMakeFiles/cmTC_67c7f.dir/src.c.o -o cmTC_67c7f 
CMakeFiles/cmTC_67c7f.dir/src.c.o : Dans la fonction « main » :
src.c:(.text+0x3e) : référence indéfinie vers « pthread_create »
src.c:(.text+0x4a) : référence indéfinie vers « pthread_detach »
src.c:(.text+0x56) : référence indéfinie vers « pthread_cancel »
src.c:(.text+0x67) : référence indéfinie vers « pthread_join »
src.c:(.text+0x7b) : référence indéfinie vers « pthread_atfork »
collect2: error: ld returned 1 exit status
CMakeFiles/cmTC_67c7f.dir/build.make:98: recipe for target 'cmTC_67c7f' failed
make[2]: *** [cmTC_67c7f] Error 1
make[2] : on quitte le répertoire « /home/ubuntu/Bureau/ROS_desousa/build/CMakeFiles/CMakeTmp »
Makefile:127: recipe for target 'cmTC_67c7f/fast' failed
make[1]: *** [cmTC_67c7f/fast] Error 2
make[1] : on quitte le répertoire « /home/ubuntu/Bureau/ROS_desousa/build/CMakeFiles/CMakeTmp »


Source file was:
#include <pthread.h>

static void* test_func(void* data)
{
  return data;
}

int main(void)
{
  pthread_t thread;
  pthread_create(&thread, NULL, test_func, NULL);
  pthread_detach(thread);
  pthread_cancel(thread);
  pthread_join(thread, NULL);
  pthread_atfork(NULL, NULL, NULL);
  pthread_exit(NULL);

  return 0;
}

